#
# A fatal error has been detected by the Java Runtime Environment:
#
#  Internal Error (classFileParser.cpp:3570), pid=7240, tid=8776
#  Error: ShouldNotReachHere()
#
# JRE version: Java(TM) SE Runtime Environment (7.0_51-b13) (build 1.7.0_51-b13)
# Java VM: Java HotSpot(TM) 64-Bit Server VM (24.51-b03 mixed mode windows-amd64 compressed oops)
# Failed to write core dump. Minidumps are not enabled by default on client versions of Windows
#
# If you would like to submit a bug report, please visit:
#   http://bugreport.sun.com/bugreport/crash.jsp
#

---------------  T H R E A D  ---------------

Current thread (0x000000000a506000):  JavaThread "Thread-11" daemon [_thread_in_vm, id=8776, stack(0x000000000e960000,0x000000000ea60000)]

Stack: [0x000000000e960000,0x000000000ea60000]
Java frames: (J=compiled Java code, j=interpreted, Vv=VM code)
j  java.lang.ClassLoader.defineClass1(Ljava/lang/String;[BIILjava/security/ProtectionDomain;Ljava/lang/String;)Ljava/lang/Class;+0
j  java.lang.ClassLoader.defineClass(Ljava/lang/String;[BIILjava/security/ProtectionDomain;)Ljava/lang/Class;+30
j  java.security.SecureClassLoader.defineClass(Ljava/lang/String;[BIILjava/security/CodeSource;)Ljava/lang/Class;+12
j  java.net.URLClassLoader.defineClass(Ljava/lang/String;Lsun/misc/Resource;)Ljava/lang/Class;+220
J  java.net.URLClassLoader$1.run()Ljava/lang/Object;
v  ~StubRoutines::call_stub
J  java.security.AccessController.doPrivileged(Ljava/security/PrivilegedExceptionAction;Ljava/security/AccessControlContext;)Ljava/lang/Object;
J  java.net.URLClassLoader.findClass(Ljava/lang/String;)Ljava/lang/Class;
J  java.lang.ClassLoader.loadClass(Ljava/lang/String;Z)Ljava/lang/Class;
J  java.lang.ClassLoader.loadClass(Ljava/lang/String;Z)Ljava/lang/Class;
j  groovy.lang.GroovyClassLoader.loadClass(Ljava/lang/String;ZZZ)Ljava/lang/Class;+30
j  groovy.lang.GroovyClassLoader.loadClass(Ljava/lang/String;Z)Ljava/lang/Class;+5
j  groovy.lang.GroovyClassLoader.loadClass(Ljava/lang/String;)Ljava/lang/Class;+3
j  org.codehaus.groovy.grails.plugins.AbstractGrailsPluginManager.loadApplicationClass(Ljava/lang/String;)Ljava/lang/Class;+12
j  org.codehaus.groovy.grails.plugins.AbstractGrailsPluginManager.informOfFileChange(Ljava/io/File;)V+16
j  org.codehaus.groovy.grails.project.compiler.GrailsProjectWatcher.informPluginManager(Ljava/io/File;Z)V+37
j  org.codehaus.groovy.grails.project.compiler.GrailsProjectWatcher.access$400(Lorg/codehaus/groovy/grails/project/compiler/GrailsProjectWatcher;Ljava/io/File;Z)V+3
j  org.codehaus.groovy.grails.project.compiler.GrailsProjectWatcher$1.onNew(Ljava/io/File;)V+90
j  org.codehaus.groovy.grails.compiler.AbstractDirectoryWatcher.fireOnNew(Ljava/io/File;)V+31
j  org.codehaus.groovy.grails.compiler.WatchServiceDirectoryWatcher.run()V+274
j  org.codehaus.groovy.grails.compiler.DirectoryWatcher.run()V+4
j  org.codehaus.groovy.grails.project.compiler.GrailsProjectWatcher.run()V+149
v  ~StubRoutines::call_stub

---------------  P R O C E S S  ---------------

Java Threads: ( => current thread )
=>0x000000000a506000 JavaThread "Thread-11" daemon [_thread_in_vm, id=8776, stack(0x000000000e960000,0x000000000ea60000)]
  0x000000000b4d3000 JavaThread "Thread-12" daemon [_thread_in_native, id=6560, stack(0x000000000e860000,0x000000000e960000)]
  0x000000000b4cf000 JavaThread "Thread-10" [_thread_in_native, id=8476, stack(0x000000000d220000,0x000000000d320000)]
  0x000000000b4d1800 JavaThread "Thread-9" [_thread_in_native, id=6032, stack(0x000000000d120000,0x000000000d220000)]
  0x000000000b4d0800 JavaThread "Thread-7" [_thread_in_native, id=9016, stack(0x000000000d450000,0x000000000d550000)]
  0x000000000b4d2000 JavaThread "Thread-6" [_thread_in_native, id=5448, stack(0x000000000d350000,0x000000000d450000)]
  0x000000000b4cd000 JavaThread "FileSystemWatcher: files=#134 cl=java.net.URLClassLoader@64bd8f9c" daemon [_thread_blocked, id=4032, stack(0x000000000d020000,0x000000000d120000)]
  0x000000000b436800 JavaThread "Synchronizer (Spring UAA/1.0.1)" daemon [_thread_blocked, id=5864, stack(0x000000000cf20000,0x000000000d020000)]
  0x000000000a02b800 JavaThread "NonBlockingInputStreamThread" daemon [_thread_blocked, id=8748, stack(0x000000000ae80000,0x000000000af80000)]
  0x0000000009648800 JavaThread "Monitor Ctrl-Break" daemon [_thread_in_native, id=2560, stack(0x0000000009df0000,0x0000000009ef0000)]
  0x0000000008076800 JavaThread "Service Thread" daemon [_thread_blocked, id=9152, stack(0x0000000009bc0000,0x0000000009cc0000)]
  0x0000000008078800 JavaThread "C2 CompilerThread1" daemon [_thread_blocked, id=648, stack(0x0000000009ac0000,0x0000000009bc0000)]
  0x000000000807c800 JavaThread "C2 CompilerThread0" daemon [_thread_in_vm, id=4704, stack(0x00000000099c0000,0x0000000009ac0000)]
  0x0000000008043000 JavaThread "Attach Listener" daemon [_thread_blocked, id=1860, stack(0x00000000094c0000,0x00000000095c0000)]
  0x000000000803f800 JavaThread "Signal Dispatcher" daemon [_thread_blocked, id=5780, stack(0x00000000093c0000,0x00000000094c0000)]
  0x000000000800e800 JavaThread "Finalizer" daemon [_thread_blocked, id=8532, stack(0x00000000092c0000,0x00000000093c0000)]
  0x0000000008003800 JavaThread "Reference Handler" daemon [_thread_blocked, id=9208, stack(0x00000000091c0000,0x00000000092c0000)]
  0x000000000212e000 JavaThread "main" [_thread_blocked, id=656, stack(0x0000000002130000,0x0000000002230000)]

Other Threads:
  0x0000000008001800 VMThread [stack: 0x00000000090c0000,0x00000000091c0000] [id=3324]
  0x0000000009615800 WatcherThread [stack: 0x0000000009cc0000,0x0000000009dc0000] [id=7828]

VM state:not at safepoint (normal execution)

VM Mutex/Monitor currently owned by a thread: None

Heap
 PSYoungGen      total 241664K, used 201780K [0x00000000f0000000, 0x0000000100000000, 0x0000000100000000)
  eden space 220672K, 88% used [0x00000000f0000000,0x00000000fbdb42b0,0x00000000fd780000)
  from space 20992K, 35% used [0x00000000feb80000,0x00000000ff2d8fb0,0x0000000100000000)
  to   space 20480K, 0% used [0x00000000fd780000,0x00000000fd780000,0x00000000feb80000)
 ParOldGen       total 524288K, used 58885K [0x00000000d0000000, 0x00000000f0000000, 0x00000000f0000000)
  object space 524288K, 11% used [0x00000000d0000000,0x00000000d39817f0,0x00000000f0000000)
 PSPermGen       total 262144K, used 44222K [0x00000000c0000000, 0x00000000d0000000, 0x00000000d0000000)
  object space 262144K, 16% used [0x00000000c0000000,0x00000000c2b2fbb8,0x00000000d0000000)

Card table byte_map: [0x0000000005510000,0x0000000005720000] byte_map_base: 0x0000000004f10000

Polling page: 0x00000000020e0000

Code Cache  [0x0000000002510000, 0x0000000002b50000, 0x0000000005510000)
 total_blobs=1940 nmethods=1346 adapters=545 free_code_cache=43399Kb largest_free_block=43826048

Compilation events (10 events):
Event: 2174.981 Thread 0x000000000807c800 1503             java.util.Vector::<init> (7 bytes)
Event: 2174.981 Thread 0x0000000008078800 1504             java.util.Vector::<init> (49 bytes)
Event: 2174.983 Thread 0x000000000807c800 nmethod 1503 0x00000000027d3450 code [0x00000000027d35a0, 0x00000000027d36d8]
Event: 2174.983 Thread 0x0000000008078800 nmethod 1504 0x00000000028c3950 code [0x00000000028c3aa0, 0x00000000028c3bd8]
Event: 2175.099 Thread 0x0000000008078800 1505             java.util.Vector::<init> (7 bytes)
Event: 2175.101 Thread 0x0000000008078800 nmethod 1505 0x00000000028c3610 code [0x00000000028c3760, 0x00000000028c3858]
Event: 2175.135 Thread 0x000000000807c800 1506 %           java.util.Arrays::fill @ 5 (21 bytes)
Event: 2175.142 Thread 0x0000000008078800 1507             java.io.PrintStream::ensureOpen (18 bytes)
Event: 2175.143 Thread 0x0000000008078800 nmethod 1507 0x000000000289d5d0 code [0x000000000289d700, 0x000000000289d778]
Event: 2175.143 Thread 0x0000000008078800 1508             java.io.FilterOutputStream::write (51 bytes)

GC Heap History (10 events):
Event: 14.438 GC heap before
{Heap before GC invocations=12 (full 0):
 PSYoungGen      total 239616K, used 214485K [0x00000000f0000000, 0x0000000100000000, 0x0000000100000000)
  eden space 217088K, 96% used [0x00000000f0000000,0x00000000fcc929e0,0x00000000fd400000)
  from space 22528K, 22% used [0x00000000fd400000,0x00000000fd8e2d20,0x00000000fea00000)
  to   space 22528K, 0% used [0x00000000fea00000,0x00000000fea00000,0x0000000100000000)
 ParOldGen       total 524288K, used 32083K [0x00000000d0000000, 0x00000000f0000000, 0x00000000f0000000)
  object space 524288K, 6% used [0x00000000d0000000,0x00000000d1f54c48,0x00000000f0000000)
 PSPermGen       total 262144K, used 33919K [0x00000000c0000000, 0x00000000d0000000, 0x00000000d0000000)
  object space 262144K, 12% used [0x00000000c0000000,0x00000000c211fe60,0x00000000d0000000)
Event: 14.447 GC heap after
Heap after GC invocations=12 (full 0):
 PSYoungGen      total 238592K, used 3332K [0x00000000f0000000, 0x0000000100000000, 0x0000000100000000)
  eden space 216064K, 0% used [0x00000000f0000000,0x00000000f0000000,0x00000000fd300000)
  from space 22528K, 14% used [0x00000000fea00000,0x00000000fed41370,0x0000000100000000)
  to   space 23040K, 0% used [0x00000000fd300000,0x00000000fd300000,0x00000000fe980000)
 ParOldGen       total 524288K, used 35673K [0x00000000d0000000, 0x00000000f0000000, 0x00000000f0000000)
  object space 524288K, 6% used [0x00000000d0000000,0x00000000d22d6420,0x00000000f0000000)
 PSPermGen       total 262144K, used 33919K [0x00000000c0000000, 0x00000000d0000000, 0x00000000d0000000)
  object space 262144K, 12% used [0x00000000c0000000,0x00000000c211fe60,0x00000000d0000000)
}
Event: 15.516 GC heap before
{Heap before GC invocations=13 (full 0):
 PSYoungGen      total 238592K, used 219396K [0x00000000f0000000, 0x0000000100000000, 0x0000000100000000)
  eden space 216064K, 100% used [0x00000000f0000000,0x00000000fd300000,0x00000000fd300000)
  from space 22528K, 14% used [0x00000000fea00000,0x00000000fed41370,0x0000000100000000)
  to   space 23040K, 0% used [0x00000000fd300000,0x00000000fd300000,0x00000000fe980000)
 ParOldGen       total 524288K, used 35673K [0x00000000d0000000, 0x00000000f0000000, 0x00000000f0000000)
  object space 524288K, 6% used [0x00000000d0000000,0x00000000d22d6420,0x00000000f0000000)
 PSPermGen       total 262144K, used 36562K [0x00000000c0000000, 0x00000000d0000000, 0x00000000d0000000)
  object space 262144K, 13% used [0x00000000c0000000,0x00000000c23b4918,0x00000000d0000000)
Event: 15.533 GC heap after
Heap after GC invocations=13 (full 0):
 PSYoungGen      total 239104K, used 8784K [0x00000000f0000000, 0x0000000100000000, 0x0000000100000000)
  eden space 216064K, 0% used [0x00000000f0000000,0x00000000f0000000,0x00000000fd300000)
  from space 23040K, 38% used [0x00000000fd300000,0x00000000fdb94238,0x00000000fe980000)
  to   space 22016K, 0% used [0x00000000fea80000,0x00000000fea80000,0x0000000100000000)
 ParOldGen       total 524288K, used 37910K [0x00000000d0000000, 0x00000000f0000000, 0x00000000f0000000)
  object space 524288K, 7% used [0x00000000d0000000,0x00000000d2505b38,0x00000000f0000000)
 PSPermGen       total 262144K, used 36562K [0x00000000c0000000, 0x00000000d0000000, 0x00000000d0000000)
  object space 262144K, 13% used [0x00000000c0000000,0x00000000c23b4918,0x00000000d0000000)
}
Event: 16.362 GC heap before
{Heap before GC invocations=14 (full 0):
 PSYoungGen      total 239104K, used 224848K [0x00000000f0000000, 0x0000000100000000, 0x0000000100000000)
  eden space 216064K, 100% used [0x00000000f0000000,0x00000000fd300000,0x00000000fd300000)
  from space 23040K, 38% used [0x00000000fd300000,0x00000000fdb94238,0x00000000fe980000)
  to   space 22016K, 0% used [0x00000000fea80000,0x00000000fea80000,0x0000000100000000)
 ParOldGen       total 524288K, used 37910K [0x00000000d0000000, 0x00000000f0000000, 0x00000000f0000000)
  object space 524288K, 7% used [0x00000000d0000000,0x00000000d2505b38,0x00000000f0000000)
 PSPermGen       total 262144K, used 38840K [0x00000000c0000000, 0x00000000d0000000, 0x00000000d0000000)
  object space 262144K, 14% used [0x00000000c0000000,0x00000000c25ee020,0x00000000d0000000)
Event: 16.378 GC heap after
Heap after GC invocations=14 (full 0):
 PSYoungGen      total 240640K, used 7305K [0x00000000f0000000, 0x0000000100000000, 0x0000000100000000)
  eden space 218624K, 0% used [0x00000000f0000000,0x00000000f0000000,0x00000000fd580000)
  from space 22016K, 33% used [0x00000000fea80000,0x00000000ff1a26a8,0x0000000100000000)
  to   space 21504K, 0% used [0x00000000fd580000,0x00000000fd580000,0x00000000fea80000)
 ParOldGen       total 524288K, used 45532K [0x00000000d0000000, 0x00000000f0000000, 0x00000000f0000000)
  object space 524288K, 8% used [0x00000000d0000000,0x00000000d2c77080,0x00000000f0000000)
 PSPermGen       total 262144K, used 38840K [0x00000000c0000000, 0x00000000d0000000, 0x00000000d0000000)
  object space 262144K, 14% used [0x00000000c0000000,0x00000000c25ee020,0x00000000d0000000)
}
Event: 17.253 GC heap before
{Heap before GC invocations=15 (full 0):
 PSYoungGen      total 240640K, used 224807K [0x00000000f0000000, 0x0000000100000000, 0x0000000100000000)
  eden space 218624K, 99% used [0x00000000f0000000,0x00000000fd467830,0x00000000fd580000)
  from space 22016K, 33% used [0x00000000fea80000,0x00000000ff1a26a8,0x0000000100000000)
  to   space 21504K, 0% used [0x00000000fd580000,0x00000000fd580000,0x00000000fea80000)
 ParOldGen       total 524288K, used 45532K [0x00000000d0000000, 0x00000000f0000000, 0x00000000f0000000)
  object space 524288K, 8% used [0x00000000d0000000,0x00000000d2c77080,0x00000000f0000000)
 PSPermGen       total 262144K, used 41852K [0x00000000c0000000, 0x00000000d0000000, 0x00000000d0000000)
  object space 262144K, 15% used [0x00000000c0000000,0x00000000c28df150,0x00000000d0000000)
Event: 17.280 GC heap after
Heap after GC invocations=15 (full 0):
 PSYoungGen      total 240128K, used 8109K [0x00000000f0000000, 0x0000000100000000, 0x0000000100000000)
  eden space 218624K, 0% used [0x00000000f0000000,0x00000000f0000000,0x00000000fd580000)
  from space 21504K, 37% used [0x00000000fd580000,0x00000000fdd6b5e8,0x00000000fea80000)
  to   space 20992K, 0% used [0x00000000feb80000,0x00000000feb80000,0x0000000100000000)
 ParOldGen       total 524288K, used 51366K [0x00000000d0000000, 0x00000000f0000000, 0x00000000f0000000)
  object space 524288K, 9% used [0x00000000d0000000,0x00000000d3229930,0x00000000f0000000)
 PSPermGen       total 262144K, used 41852K [0x00000000c0000000, 0x00000000d0000000, 0x00000000d0000000)
  object space 262144K, 15% used [0x00000000c0000000,0x00000000c28df150,0x00000000d0000000)
}
Event: 165.756 GC heap before
{Heap before GC invocations=16 (full 0):
 PSYoungGen      total 240128K, used 226733K [0x00000000f0000000, 0x0000000100000000, 0x0000000100000000)
  eden space 218624K, 100% used [0x00000000f0000000,0x00000000fd580000,0x00000000fd580000)
  from space 21504K, 37% used [0x00000000fd580000,0x00000000fdd6b5e8,0x00000000fea80000)
  to   space 20992K, 0% used [0x00000000feb80000,0x00000000feb80000,0x0000000100000000)
 ParOldGen       total 524288K, used 51366K [0x00000000d0000000, 0x00000000f0000000, 0x00000000f0000000)
  object space 524288K, 9% used [0x00000000d0000000,0x00000000d3229930,0x00000000f0000000)
 PSPermGen       total 262144K, used 43863K [0x00000000c0000000, 0x00000000d0000000, 0x00000000d0000000)
  object space 262144K, 16% used [0x00000000c0000000,0x00000000c2ad5ed8,0x00000000d0000000)
Event: 165.773 GC heap after
Heap after GC invocations=16 (full 0):
 PSYoungGen      total 241664K, used 7523K [0x00000000f0000000, 0x0000000100000000, 0x0000000100000000)
  eden space 220672K, 0% used [0x00000000f0000000,0x00000000f0000000,0x00000000fd780000)
  from space 20992K, 35% used [0x00000000feb80000,0x00000000ff2d8fb0,0x0000000100000000)
  to   space 20480K, 0% used [0x00000000fd780000,0x00000000fd780000,0x00000000feb80000)
 ParOldGen       total 524288K, used 58885K [0x00000000d0000000, 0x00000000f0000000, 0x00000000f0000000)
  object space 524288K, 11% used [0x00000000d0000000,0x00000000d39817f0,0x00000000f0000000)
 PSPermGen       total 262144K, used 43863K [0x00000000c0000000, 0x00000000d0000000, 0x00000000d0000000)
  object space 262144K, 16% used [0x00000000c0000000,0x00000000c2ad5ed8,0x00000000d0000000)
}

Deoptimization events (10 events):
Event: 203.583 Thread 0x000000000b4cd000 Uncommon trap: reason=unreached action=reinterpret pc=0x00000000026dfc44 method=org.springsource.loaded.ri.ReflectiveInterceptor.isDeleted(Ljava/lang/reflect/Field;)Z @ 9
Event: 203.595 Thread 0x000000000b4cd000 Uncommon trap: reason=null_check action=make_not_entrant pc=0x0000000002772ff0 method=org.codehaus.groovy.util.AbstractConcurrentMap$Segment.getOrPut(Ljava/lang/Object;ILjava/lang/Object;)Lorg/codehaus/groovy/util/AbstractConcurrentMap$Entry; @ 82
Event: 203.605 Thread 0x000000000b4cd000 Uncommon trap: reason=bimorphic action=maybe_recompile pc=0x0000000002a28f18 method=org.springsource.loaded.ri.GetMethodsLookup.collectAll(Lorg/springsource/loaded/ri/MethodProvider;Ljava/util/Map;)V @ 91
Event: 203.606 Thread 0x000000000b4cd000 Uncommon trap: reason=unreached action=reinterpret pc=0x0000000002861830 method=org.codehaus.groovy.runtime.metaclass.MetaMethodIndex.getMethods(Ljava/lang/Class;Ljava/lang/String;)Lorg/codehaus/groovy/runtime/metaclass/MetaMethodIndex$Entry; @ 61
Event: 457.971 Thread 0x000000000a506000 Uncommon trap: reason=array_check action=maybe_recompile pc=0x000000000292f3f8 method=java.util.Arrays.fill([Ljava/lang/Object;Ljava/lang/Object;)V @ 13
Event: 457.971 Thread 0x000000000a506000 Uncommon trap: reason=array_check action=maybe_recompile pc=0x000000000292f3f8 method=java.util.Arrays.fill([Ljava/lang/Object;Ljava/lang/Object;)V @ 13
Event: 457.971 Thread 0x000000000a506000 Uncommon trap: reason=array_check action=maybe_recompile pc=0x000000000292f3f8 method=java.util.Arrays.fill([Ljava/lang/Object;Ljava/lang/Object;)V @ 13
Event: 457.971 Thread 0x000000000a506000 Uncommon trap: reason=array_check action=maybe_recompile pc=0x000000000292f3f8 method=java.util.Arrays.fill([Ljava/lang/Object;Ljava/lang/Object;)V @ 13
Event: 2175.139 Thread 0x000000000a506000 Uncommon trap: reason=unloaded action=reinterpret pc=0x0000000002b02f48 method=org.springsource.loaded.agent.SpringLoadedPreProcessor.preProcess(Ljava/lang/ClassLoader;Ljava/lang/String;Ljava/security/ProtectionDomain;[B)[B @ 924
Event: 2175.139 Thread 0x000000000a506000 Uncommon trap: reason=unloaded action=reinterpret pc=0x0000000002a6c2b0 method=org.springsource.loaded.agent.ClassPreProcessorAgentAdapter.transform(Ljava/lang/ClassLoader;Ljava/lang/String;Ljava/lang/Class;Ljava/security/ProtectionDomain;[B)[B @ 206

Internal exceptions (10 events):
Event: 203.605 Thread 0x000000000b4cd000 Threw 0x00000000f629aee8 at C:\re\jdk7u51\527\hotspot\src\share\vm\prims\jvm.cpp:1244
Event: 203.605 Thread 0x000000000b4cd000 Threw 0x00000000f62a42e0 at C:\re\jdk7u51\527\hotspot\src\share\vm\prims\jvm.cpp:1244
Event: 203.605 Thread 0x000000000b4cd000 Threw 0x00000000f62a46d0 at C:\re\jdk7u51\527\hotspot\src\share\vm\prims\jvm.cpp:1244
Event: 203.605 Thread 0x000000000b4cd000 Threw 0x00000000f62a4f60 at C:\re\jdk7u51\527\hotspot\src\share\vm\prims\jvm.cpp:1244
Event: 203.605 Thread 0x000000000b4cd000 Threw 0x00000000f62a8a88 at C:\re\jdk7u51\527\hotspot\src\share\vm\prims\jvm.cpp:1244
Event: 203.605 Thread 0x000000000b4cd000 Threw 0x00000000f62a8c10 at C:\re\jdk7u51\527\hotspot\src\share\vm\classfile\systemDictionary.cpp:185
Event: 458.347 Thread 0x000000000b4cd000 Threw 0x00000000fa0d7310 at C:\re\jdk7u51\527\hotspot\src\share\vm\prims\jvm.cpp:1244
Event: 2175.137 Thread 0x000000000a506000 Threw 0x00000000fbc8a050 at C:\re\jdk7u51\527\hotspot\src\share\vm\prims\jvm.cpp:1244
Event: 2175.137 Thread 0x000000000a506000 Threw 0x00000000fbc8a368 at C:\re\jdk7u51\527\hotspot\src\share\vm\prims\jvm.cpp:1244
Event: 2175.137 Thread 0x000000000a506000 Threw 0x00000000fbc8a8e0 at C:\re\jdk7u51\527\hotspot\src\share\vm\prims\jvm.cpp:1244

Events (10 events):
Event: 2175.137 loading class 0x000000000b7ea9c0 done
Event: 2175.139 Thread 0x000000000a506000 Uncommon trap: trap_request=0xffffffbd fr.pc=0x0000000002b02f48
Event: 2175.139 Thread 0x000000000a506000 DEOPT PACKING pc=0x0000000002b02f48 sp=0x000000000ea5ca90
Event: 2175.139 Thread 0x000000000a506000 DEOPT UNPACKING pc=0x00000000025475a4 sp=0x000000000ea5ca30 mode 2
Event: 2175.139 Thread 0x000000000a506000 Uncommon trap: trap_request=0xffffffbd fr.pc=0x0000000002a6c2b0
Event: 2175.139 Thread 0x000000000a506000 DEOPT PACKING pc=0x0000000002a6c2b0 sp=0x000000000ea5cb40
Event: 2175.139 Thread 0x000000000a506000 DEOPT UNPACKING pc=0x00000000025475a4 sp=0x000000000ea5ca60 mode 2
Event: 2175.139 loading class 0x0000000002467310
Event: 2175.139 loading class 0x0000000002467310 done
Event: 2175.143 Thread 0x0000000008078800 flushing nmethod 0x00000000029c8ad0


Dynamic libraries:
0x00007ff7282a0000 - 0x00007ff7282d3000 	C:\Program Files\Java\jdk1.7.0_51\bin\java.exe
0x00007ff9e4010000 - 0x00007ff9e41b6000 	C:\Windows\SYSTEM32\ntdll.dll
0x00007ff9e3ae0000 - 0x00007ff9e3c1a000 	C:\Windows\system32\KERNEL32.DLL
0x00007ff9e1790000 - 0x00007ff9e189f000 	C:\Windows\system32\KERNELBASE.dll
0x00007ff9dfe30000 - 0x00007ff9dfeb8000 	C:\Windows\system32\apphelp.dll
0x00007ff9d6730000 - 0x00007ff9d677f000 	C:\Windows\AppPatch\AppPatch64\AcGenral.DLL
0x00007ff9e18a0000 - 0x00007ff9e1947000 	C:\Windows\system32\msvcrt.dll
0x00007ff9e1240000 - 0x00007ff9e126b000 	C:\Windows\SYSTEM32\SspiCli.dll
0x00007ff9e3fb0000 - 0x00007ff9e4001000 	C:\Windows\system32\SHLWAPI.dll
0x00007ff9e35f0000 - 0x00007ff9e3761000 	C:\Windows\system32\USER32.dll
0x00007ff9e31a0000 - 0x00007ff9e3318000 	C:\Windows\system32\ole32.dll
0x00007ff9e1b70000 - 0x00007ff9e2f7f000 	C:\Windows\system32\SHELL32.dll
0x00007ff9e0e90000 - 0x00007ff9e0eae000 	C:\Windows\SYSTEM32\USERENV.dll
0x00007ff9e3990000 - 0x00007ff9e3a35000 	C:\Windows\system32\ADVAPI32.dll
0x00007ff9d6220000 - 0x00007ff9d623b000 	C:\Windows\SYSTEM32\MPR.dll
0x00007ff9e3850000 - 0x00007ff9e3987000 	C:\Windows\system32\RPCRT4.dll
0x00007ff9e3470000 - 0x00007ff9e34c7000 	C:\Windows\SYSTEM32\sechost.dll
0x00007ff9e3d60000 - 0x00007ff9e3f36000 	C:\Windows\SYSTEM32\combase.dll
0x00007ff9e3320000 - 0x00007ff9e3464000 	C:\Windows\system32\GDI32.dll
0x00007ff9e1390000 - 0x00007ff9e13a4000 	C:\Windows\SYSTEM32\profapi.dll
0x00007ff9df860000 - 0x00007ff9df8ff000 	C:\Windows\SYSTEM32\SHCORE.dll
0x00007ff9e2f80000 - 0x00007ff9e2fb4000 	C:\Windows\system32\IMM32.DLL
0x00007ff9e3c20000 - 0x00007ff9e3d59000 	C:\Windows\system32\MSCTF.dll
0x00007ff9ddef0000 - 0x00007ff9de14a000 	C:\Windows\WinSxS\amd64_microsoft.windows.common-controls_6595b64144ccf1df_6.0.9600.17031_none_6242a4b3ecbb55a1\COMCTL32.dll
0x000000005c160000 - 0x000000005c232000 	C:\Program Files\Java\jdk1.7.0_51\jre\bin\msvcr100.dll
0x000000005b990000 - 0x000000005c159000 	C:\Program Files\Java\jdk1.7.0_51\jre\bin\server\jvm.dll
0x00007ff9d7d20000 - 0x00007ff9d7d29000 	C:\Windows\SYSTEM32\WSOCK32.dll
0x00007ff9dbfc0000 - 0x00007ff9dbfdf000 	C:\Windows\SYSTEM32\WINMM.dll
0x00007ff9e1950000 - 0x00007ff9e1957000 	C:\Windows\system32\PSAPI.DLL
0x00007ff9e1b10000 - 0x00007ff9e1b68000 	C:\Windows\system32\WS2_32.dll
0x00007ff9dbb50000 - 0x00007ff9dbb7a000 	C:\Windows\SYSTEM32\WINMMBASE.dll
0x00007ff9e1b00000 - 0x00007ff9e1b09000 	C:\Windows\system32\NSI.dll
0x00007ff9e1740000 - 0x00007ff9e178a000 	C:\Windows\SYSTEM32\cfgmgr32.dll
0x00007ff9e0210000 - 0x00007ff9e0236000 	C:\Windows\SYSTEM32\DEVOBJ.dll
0x000000005b980000 - 0x000000005b98f000 	C:\Program Files\Java\jdk1.7.0_51\jre\bin\verify.dll
0x000000005b950000 - 0x000000005b978000 	C:\Program Files\Java\jdk1.7.0_51\jre\bin\java.dll
0x000000005b920000 - 0x000000005b943000 	C:\Program Files\Java\jdk1.7.0_51\jre\bin\instrument.dll
0x000000005b900000 - 0x000000005b915000 	C:\Program Files\Java\jdk1.7.0_51\jre\bin\zip.dll
0x00007ff9d6720000 - 0x00007ff9d6730000 	C:\Program Files (x86)\JetBrains\IntelliJ IDEA 13.0.4\bin\breakgen64.dll
0x000000005b8e0000 - 0x000000005b8f9000 	C:\Program Files\Java\jdk1.7.0_51\jre\bin\net.dll
0x00007ff9e0ca0000 - 0x00007ff9e0cf8000 	C:\Windows\system32\mswsock.dll
0x00007ff9e0eb0000 - 0x00007ff9e0ece000 	C:\Windows\SYSTEM32\CRYPTSP.dll
0x00007ff9e0780000 - 0x00007ff9e07b5000 	C:\Windows\system32\rsaenh.dll
0x00007ff9e0f10000 - 0x00007ff9e0f36000 	C:\Windows\SYSTEM32\bcrypt.dll
0x00007ff9e1270000 - 0x00007ff9e12d0000 	C:\Windows\system32\bcryptprimitives.dll
0x00007ff9e12d0000 - 0x00007ff9e12da000 	C:\Windows\SYSTEM32\CRYPTBASE.dll
0x00007ff9d6ee0000 - 0x00007ff9d6ef4000 	C:\Windows\system32\napinsp.dll
0x00007ff9d6f10000 - 0x00007ff9d6f29000 	C:\Windows\system32\pnrpnsp.dll
0x00007ff9dc320000 - 0x00007ff9dc339000 	C:\Windows\system32\NLAapi.dll
0x00007ff9e09b0000 - 0x00007ff9e0a53000 	C:\Windows\SYSTEM32\DNSAPI.dll
0x00007ff9d6f00000 - 0x00007ff9d6f0c000 	C:\Windows\System32\winrnr.dll
0x00007ff9d6f30000 - 0x00007ff9d6f43000 	C:\Windows\system32\wshbth.dll
0x00007ff9d79a0000 - 0x00007ff9d79a9000 	C:\Windows\System32\rasadhlp.dll
0x00007ff9db7f0000 - 0x00007ff9db819000 	C:\Windows\SYSTEM32\IPHLPAPI.DLL
0x00007ff9db7d0000 - 0x00007ff9db7da000 	C:\Windows\SYSTEM32\WINNSI.DLL
0x00007ff9daea0000 - 0x00007ff9daf08000 	C:\Windows\System32\fwpuclnt.dll
0x000000005b8c0000 - 0x000000005b8d1000 	C:\Program Files\Java\jdk1.7.0_51\jre\bin\nio.dll
0x00007ff9d65b0000 - 0x00007ff9d65ba000 	C:\Users\Chris\AppData\Local\Temp\jansi-64-254621648309797571.dll
0x000000005b890000 - 0x000000005b8b4000 	C:\Program Files\Java\jdk1.7.0_51\jre\bin\sunec.dll
0x000000005b880000 - 0x000000005b88b000 	C:\Program Files\Java\jdk1.7.0_51\jre\bin\sunmscapi.dll
0x00007ff9e14b0000 - 0x00007ff9e1687000 	C:\Windows\system32\CRYPT32.dll
0x00007ff9e1440000 - 0x00007ff9e1452000 	C:\Windows\system32\MSASN1.dll

VM Arguments:
jvm_args: -Dgrails.home=C:\grails-2.4.3 -Dbase.dir=C:\projects\JalopyExchange -Dtools.jar=C:\Program Files\Java\jdk1.7.0_51\lib\tools.jar -Dgroovy.starter.conf=C:\grails-2.4.3/conf/groovy-starter.conf -Xmx768M -Xms768M -XX:MaxPermSize=256m -XX:PermSize=256m -Djline.WindowsTerminal.directConsole=false -javaagent:C:\grails-2.4.3\lib\org.springframework\springloaded\jars\springloaded-1.2.0.RELEASE.jar -Xverify:none -Dspringloaded=profile=grails -Didea.launcher.port=7533 -Didea.launcher.bin.path=C:\Program Files (x86)\JetBrains\IntelliJ IDEA 13.0.4\bin -Dfile.encoding=UTF-8 
java_command: com.intellij.rt.execution.application.AppMain org.codehaus.groovy.grails.cli.support.GrailsStarter --main org.codehaus.groovy.grails.cli.GrailsScriptRunner --conf C:\grails-2.4.3/conf/groovy-starter.conf run-app
Launcher Type: SUN_STANDARD

Environment Variables:
JAVA_HOME=C:\Program Files\Java\jdk1.7.0_51
PATH=C:\groovy-2.3.6\bin;C:\grails-2.4.3\bin;C:\Program Files\Java\jdk1.7.0_51\bin;C:\Windows\system32;C:\Windows;C:\Windows\System32\Wbem;C:\Windows\System32\WindowsPowerShell\v1.0\;C:\Program Files (x86)\Bitvise SSH Client;C:\Program Files (x86)\Git\cmd
USERNAME=Chris
OS=Windows_NT
PROCESSOR_IDENTIFIER=Intel64 Family 6 Model 69 Stepping 1, GenuineIntel



---------------  S Y S T E M  ---------------

OS: Windows 8 , 64 bit Build 9200 

CPU:total 4 (2 cores per cpu, 2 threads per core) family 6 model 69 stepping 1, cmov, cx8, fxsr, mmx, sse, sse2, sse3, ssse3, sse4.1, sse4.2, popcnt, avx, avx2, aes, erms, ht, tsc, tscinvbit

Memory: 4k page, physical 8298776k(2783280k free), swap 23503128k(15120948k free)

vm_info: Java HotSpot(TM) 64-Bit Server VM (24.51-b03) for windows-amd64 JRE (1.7.0_51-b13), built on Dec 18 2013 18:40:56 by "java_re" with unknown MS VC++:1600

time: Tue Oct 28 21:30:29 2014
elapsed time: 2175 seconds

